{
  "RSpec": {
    "coverage": {
      "/workspaces/weather-app-tek/app/helpers/application_helper.rb": {
        "lines": [
          1,
          null
        ],
        "branches": {}
      },
      "/workspaces/weather-app-tek/app/services/geocoding/geocode_address.rb": {
        "lines": [
          1,
          1,
          null,
          1,
          2,
          null,
          2,
          1,
          null,
          1,
          1,
          null,
          null,
          null
        ],
        "branches": {
          "[:if, 0, 5, 6, 5, 45]": {
            "[:then, 1, 5, 6, 5, 16]": 0,
            "[:else, 2, 5, 6, 5, 45]": 2
          },
          "[:\"&.\", 3, 8, 6, 8, 25]": {
            "[:then, 4, 8, 6, 8, 25]": 1,
            "[:else, 5, 8, 6, 8, 25]": 0
          },
          "[:\"&.\", 6, 8, 6, 8, 32]": {
            "[:then, 7, 8, 6, 8, 32]": 1,
            "[:else, 8, 8, 6, 8, 32]": 0
          }
        }
      },
      "/workspaces/weather-app-tek/app/services/weather/fetch_forecast.rb": {
        "lines": [
          1,
          null,
          1,
          1,
          null,
          1,
          3,
          3,
          null,
          3,
          3,
          3,
          null,
          2,
          null,
          2,
          null,
          null,
          null,
          null,
          null,
          0,
          0,
          null,
          null,
          null
        ],
        "branches": {
          "[:if, 0, 8, 6, 8, 64]": {
            "[:then, 1, 8, 6, 8, 16]": 0,
            "[:else, 2, 8, 6, 8, 64]": 3
          },
          "[:unless, 3, 12, 6, 12, 44]": {
            "[:else, 4, 12, 6, 12, 44]": 2,
            "[:then, 5, 12, 6, 12, 16]": 1
          }
        }
      },
      "/workspaces/weather-app-tek/app/controllers/forecasts_controller.rb": {
        "lines": [
          1,
          1,
          2,
          2,
          null,
          2,
          2,
          0,
          0,
          null,
          null,
          2,
          2,
          2,
          1,
          1,
          null,
          null,
          2,
          0,
          0,
          null,
          null,
          2,
          null,
          null
        ],
        "branches": {
          "[:unless, 0, 4, 4, 4, 26]": {
            "[:else, 1, 4, 4, 4, 26]": 2,
            "[:then, 2, 4, 4, 4, 10]": 0
          },
          "[:unless, 3, 7, 4, 10, 7]": {
            "[:else, 4, 7, 4, 10, 7]": 2,
            "[:then, 5, 8, 6, 9, 12]": 0
          },
          "[:unless, 6, 19, 4, 22, 7]": {
            "[:else, 7, 19, 4, 22, 7]": 2,
            "[:then, 8, 20, 6, 21, 12]": 0
          }
        }
      },
      "/workspaces/weather-app-tek/app/controllers/application_controller.rb": {
        "lines": [
          1,
          null,
          1,
          null
        ],
        "branches": {}
      },
      "/workspaces/weather-app-tek/app/models/application_record.rb": {
        "lines": [
          0,
          0,
          0
        ],
        "branches": {}
      }
    },
    "timestamp": 1760758555
  }
}
